########### array before sorts ###########
0	0.000000	31.740000	0.000000	1.270000	n
1	0.000000	1.270000	1.270000	0.000000	n
2	1.270000	0.000000	31.740000	0.000000	n
3	31.740000	0.000000	33.010000	1.270000	n
4	33.010000	1.270000	33.010000	31.740000	n
5	33.010000	31.740000	31.740000	33.010000	n
6	31.740000	33.010000	1.270000	33.010000	n
7	1.270000	33.010000	0.000000	31.740000	n
Tolerance=0.050000.
*Exact match for i=0 and j=1.
*i point 0.000000	31.740000	0.000000	1.270000	y
*Exact match for i=1 and j=2.
*i point 0.000000	1.270000	1.270000	0.000000	y
*Exact match for i=2 and j=3.
*i point 1.270000	0.000000	31.740000	0.000000	y
*Exact match for i=3 and j=4.
*i point 31.740000	0.000000	33.010000	1.270000	y
*Exact match for i=4 and j=5.
*i point 33.010000	1.270000	33.010000	31.740000	y
*Exact match for i=5 and j=6.
*i point 33.010000	31.740000	31.740000	33.010000	y
*Exact match for i=6 and j=7.
*i point 31.740000	33.010000	1.270000	33.010000	y
########### array after sorts ###########
0	0.000000	31.740000	0.000000	1.270000	y
1	0.000000	1.270000	1.270000	0.000000	y
2	1.270000	0.000000	31.740000	0.000000	y
3	31.740000	0.000000	33.010000	1.270000	y
4	33.010000	1.270000	33.010000	31.740000	y
5	33.010000	31.740000	31.740000	33.010000	y
6	31.740000	33.010000	1.270000	33.010000	y
7	1.270000	33.010000	0.000000	31.740000	y
***************
.BOARD_OUTLINE UNOWNED
1.6
0     0.000000     31.740000     0
0     0.000000     1.270000     0
0     1.270000     0.000000     0
0     31.740000     0.000000     0
0     33.010000     1.270000     0
0     33.010000     31.740000     0
0     31.740000     33.010000     0
0     1.270000     33.010000     0
0     0.000000     31.740000     0
